<?xml version="1.0" encoding="UTF-8"?>
<testng-results ignored="0" total="1" passed="1" failed="0" skipped="0">
  <reporter-output>
  </reporter-output>
  <suite started-at="2024-08-22T10:29:09 IST" name="Default suite" finished-at="2024-08-22T10:29:19 IST" duration-ms="9713">
    <groups>
    </groups>
    <test started-at="2024-08-22T10:29:09 IST" name="Default test" finished-at="2024-08-22T10:29:19 IST" duration-ms="9713">
      <class name="TestCase.Test2">
        <test-method signature="tc1()[pri:0, instance:TestCase.Test2@7c711375]" started-at="2024-08-22T10:29:09 IST" name="tc1" finished-at="2024-08-22T10:29:19 IST" duration-ms="9663" status="PASS">
          <reporter-output>
          </reporter-output>
        </test-method> <!-- tc1 -->
      </class> <!-- TestCase.Test2 -->
    </test> <!-- Default test -->
  </suite> <!-- Default suite -->
</testng-results>
